build/app/intermediates/manifest_merge_blame_file/debug/manifest-merger-blame-debug-report.txt
1<?xml version="1.0" encoding="utf-8"?>
2<manifest xmlns:android="http://schemas.android.com/apk/res/android"
3    package="com.example.tradpool"
4    android:versionCode="1"
5    android:versionName="1.0.0" >
6
7    <uses-sdk
8        android:minSdkVersion="23"
9        android:targetSdkVersion="30" />
10    <!--
11         Flutter needs it to communicate with the running application
12         to allow setting breakpoints, to provide hot reload, etc.
13    -->
14    <uses-permission android:name="android.permission.INTERNET" />
14-->src/main/AndroidManifest.xml:51:7-69
14-->src/main/AndroidManifest.xml:51:24-66
15    <uses-permission android:name="android.permission.READ_EXTERNAL_STORAGE" />
15-->src/main/AndroidManifest.xml:50:6-80
15-->src/main/AndroidManifest.xml:50:23-78
16    <uses-permission android:name="android.permission.WRITE_EXTERNAL_STORAGE" />
16-->src/main/AndroidManifest.xml:52:8-83
16-->src/main/AndroidManifest.xml:52:25-81
17    <uses-permission android:name="android.permission.CAMERA" />
17-->src/main/AndroidManifest.xml:53:8-68
17-->src/main/AndroidManifest.xml:53:25-65
18    <uses-permission android:name="android.permission.WAKE_LOCK" />
18-->[:firebase_messaging] AndroidManifest.xml:8:5-68
18-->[:firebase_messaging] AndroidManifest.xml:8:22-65
19    <uses-permission android:name="android.permission.ACCESS_NETWORK_STATE" />
19-->[:firebase_messaging] AndroidManifest.xml:9:5-79
19-->[:firebase_messaging] AndroidManifest.xml:9:22-76
20    <uses-permission android:name="android.permission.RECEIVE_BOOT_COMPLETED" />
20-->[:flutter_local_notifications] AndroidManifest.xml:7:5-81
20-->[:flutter_local_notifications] AndroidManifest.xml:7:22-78
21    <uses-permission android:name="android.permission.VIBRATE" />
21-->[:flutter_local_notifications] AndroidManifest.xml:8:5-66
21-->[:flutter_local_notifications] AndroidManifest.xml:8:22-63
22    <uses-permission android:name="android.permission.USE_FULL_SCREEN_INTENT" />
22-->[:flutter_local_notifications] AndroidManifest.xml:9:5-81
22-->[:flutter_local_notifications] AndroidManifest.xml:9:22-78
23    <uses-permission android:name="android.permission.SCHEDULE_EXACT_ALARM" /> <!-- Required by older versions of Google Play services to create IID tokens -->
23-->[:flutter_local_notifications] AndroidManifest.xml:10:5-79
23-->[:flutter_local_notifications] AndroidManifest.xml:10:22-76
24    <uses-permission android:name="com.google.android.c2dm.permission.RECEIVE" />
24-->[com.google.firebase:firebase-messaging:23.0.4] AndroidManifest.xml:28:5-82
24-->[com.google.firebase:firebase-messaging:23.0.4] AndroidManifest.xml:28:22-79
25    <uses-permission android:name="com.google.android.gms.permission.AD_ID" />
25-->[com.google.android.gms:play-services-measurement-api:21.0.0] AndroidManifest.xml:25:5-79
25-->[com.google.android.gms:play-services-measurement-api:21.0.0] AndroidManifest.xml:25:22-76
26    <uses-permission android:name="com.google.android.finsky.permission.BIND_GET_INSTALL_REFERRER_SERVICE" />
26-->[com.google.android.gms:play-services-measurement:21.0.0] AndroidManifest.xml:26:5-110
26-->[com.google.android.gms:play-services-measurement:21.0.0] AndroidManifest.xml:26:22-107
27
28    <application
28-->src/main/AndroidManifest.xml:3:4-48:19
29        android:appComponentFactory="androidx.core.app.CoreComponentFactory"
29-->[androidx.core:core:1.6.0] AndroidManifest.xml:24:18-86
30        android:debuggable="true"
31        android:extractNativeLibs="false"
32        android:icon="@mipmap/ic_launcher"
32-->src/main/AndroidManifest.xml:5:9-43
33        android:label="tradpool" >
33-->src/main/AndroidManifest.xml:4:9-33
34        <activity
34-->src/main/AndroidManifest.xml:6:9-41:20
35            android:name="com.example.tradpool.MainActivity"
35-->src/main/AndroidManifest.xml:10:13-41
36            android:allowBackup="false"
36-->src/main/AndroidManifest.xml:9:9-36
37            android:configChanges="orientation|keyboardHidden|keyboard|screenSize|smallestScreenSize|locale|layoutDirection|fontScale|screenLayout|density|uiMode"
37-->src/main/AndroidManifest.xml:13:13-163
38            android:hardwareAccelerated="true"
38-->src/main/AndroidManifest.xml:14:13-47
39            android:launchMode="singleTop"
39-->src/main/AndroidManifest.xml:11:13-43
40            android:showWhenLocked="true"
40-->src/main/AndroidManifest.xml:7:10-39
41            android:theme="@style/LaunchTheme"
41-->src/main/AndroidManifest.xml:12:13-47
42            android:turnScreenOn="true"
42-->src/main/AndroidManifest.xml:8:11-38
43            android:windowSoftInputMode="adjustResize" >
43-->src/main/AndroidManifest.xml:15:13-55
44
45            <!--
46                 Specifies an Android theme to apply to this Activity as soon as
47                 the Android process has started. This theme is visible to the user
48                 while the Flutter UI initializes. After that, this theme continues
49                 to determine the Window background behind the Flutter UI.
50            -->
51            <meta-data
51-->src/main/AndroidManifest.xml:20:13-23:17
52                android:name="io.flutter.embedding.android.NormalTheme"
52-->src/main/AndroidManifest.xml:21:15-70
53                android:resource="@style/NormalTheme" />
53-->src/main/AndroidManifest.xml:22:15-52
54            <!--
55                 Displays an Android View that continues showing the launch screen
56                 Drawable until Flutter paints its first frame, then this splash
57                 screen fades out. A splash screen is useful to avoid any visual
58                 gap between the end of Android's launch screen and the painting of
59                 Flutter's first frame.
60            -->
61            <meta-data
61-->src/main/AndroidManifest.xml:29:13-32:17
62                android:name="io.flutter.embedding.android.SplashScreenDrawable"
62-->src/main/AndroidManifest.xml:30:15-79
63                android:resource="@drawable/launch_background" />
63-->src/main/AndroidManifest.xml:31:15-61
64
65            <intent-filter>
65-->src/main/AndroidManifest.xml:33:13-36:29
66                <action android:name="android.intent.action.MAIN" />
66-->src/main/AndroidManifest.xml:34:17-68
66-->src/main/AndroidManifest.xml:34:25-66
67
68                <category android:name="android.intent.category.LAUNCHER" />
68-->src/main/AndroidManifest.xml:35:17-76
68-->src/main/AndroidManifest.xml:35:27-74
69            </intent-filter>
70            <intent-filter>
70-->src/main/AndroidManifest.xml:37:13-40:17
71                <action android:name="FLUTTER_NOTIFICATION_CLICK" />
71-->src/main/AndroidManifest.xml:38:2-53
71-->src/main/AndroidManifest.xml:38:10-51
72
73                <category android:name="android.intent.category.DEFAULT" />
73-->src/main/AndroidManifest.xml:39:2-60
73-->src/main/AndroidManifest.xml:39:12-58
74            </intent-filter>
75        </activity>
76
77        <!--
78             Don't delete the meta-data below.
79             This is used by the Flutter tool to generate GeneratedPluginRegistrant.java
80        -->
81        <meta-data
81-->src/main/AndroidManifest.xml:45:9-47:33
82            android:name="flutterEmbedding"
82-->src/main/AndroidManifest.xml:46:13-44
83            android:value="2" />
83-->src/main/AndroidManifest.xml:47:13-30
84
85        <service
85-->[:firebase_messaging] AndroidManifest.xml:12:9-15:72
86            android:name="io.flutter.plugins.firebase.messaging.FlutterFirebaseMessagingBackgroundService"
86-->[:firebase_messaging] AndroidManifest.xml:13:13-107
87            android:exported="false"
87-->[:firebase_messaging] AndroidManifest.xml:14:13-37
88            android:permission="android.permission.BIND_JOB_SERVICE" />
88-->[:firebase_messaging] AndroidManifest.xml:15:13-69
89        <service
89-->[:firebase_messaging] AndroidManifest.xml:16:9-22:19
90            android:name="io.flutter.plugins.firebase.messaging.FlutterFirebaseMessagingService"
90-->[:firebase_messaging] AndroidManifest.xml:17:13-97
91            android:exported="false" >
91-->[:firebase_messaging] AndroidManifest.xml:18:13-37
92            <intent-filter>
92-->[:firebase_messaging] AndroidManifest.xml:19:13-21:29
93                <action android:name="com.google.firebase.MESSAGING_EVENT" />
93-->[:firebase_messaging] AndroidManifest.xml:20:17-78
93-->[:firebase_messaging] AndroidManifest.xml:20:25-75
94            </intent-filter>
95        </service>
96
97        <receiver
97-->[:firebase_messaging] AndroidManifest.xml:24:9-31:20
98            android:name="io.flutter.plugins.firebase.messaging.FlutterFirebaseMessagingReceiver"
98-->[:firebase_messaging] AndroidManifest.xml:25:13-98
99            android:exported="true"
99-->[:firebase_messaging] AndroidManifest.xml:26:13-36
100            android:permission="com.google.android.c2dm.permission.SEND" >
100-->[:firebase_messaging] AndroidManifest.xml:27:13-73
101            <intent-filter>
101-->[:firebase_messaging] AndroidManifest.xml:28:13-30:29
102                <action android:name="com.google.android.c2dm.intent.RECEIVE" />
102-->[:firebase_messaging] AndroidManifest.xml:29:17-81
102-->[:firebase_messaging] AndroidManifest.xml:29:25-78
103            </intent-filter>
104        </receiver>
105
106        <service
106-->[:firebase_messaging] AndroidManifest.xml:33:9-37:19
107            android:name="com.google.firebase.components.ComponentDiscoveryService"
107-->[:firebase_messaging] AndroidManifest.xml:33:18-89
108            android:directBootAware="true"
108-->[com.google.firebase:firebase-common:20.1.1] AndroidManifest.xml:35:13-43
109            android:exported="false" >
109-->[com.google.firebase:firebase-messaging:23.0.4] AndroidManifest.xml:54:13-37
110            <meta-data
110-->[:firebase_messaging] AndroidManifest.xml:34:13-36:85
111                android:name="com.google.firebase.components:io.flutter.plugins.firebase.messaging.FlutterFirebaseAppRegistrar"
111-->[:firebase_messaging] AndroidManifest.xml:35:17-128
112                android:value="com.google.firebase.components.ComponentRegistrar" />
112-->[:firebase_messaging] AndroidManifest.xml:36:17-82
113            <meta-data
113-->[:firebase_core] AndroidManifest.xml:9:13-11:85
114                android:name="com.google.firebase.components:io.flutter.plugins.firebase.core.FlutterFirebaseCoreRegistrar"
114-->[:firebase_core] AndroidManifest.xml:10:17-124
115                android:value="com.google.firebase.components.ComponentRegistrar" />
115-->[:firebase_core] AndroidManifest.xml:11:17-82
116            <meta-data
116-->[com.google.firebase:firebase-messaging:23.0.4] AndroidManifest.xml:55:13-57:85
117                android:name="com.google.firebase.components:com.google.firebase.messaging.FirebaseMessagingRegistrar"
117-->[com.google.firebase:firebase-messaging:23.0.4] AndroidManifest.xml:56:17-119
118                android:value="com.google.firebase.components.ComponentRegistrar" />
118-->[com.google.firebase:firebase-messaging:23.0.4] AndroidManifest.xml:57:17-82
119            <meta-data
119-->[com.google.firebase:firebase-datatransport:18.1.3] AndroidManifest.xml:28:13-30:85
120                android:name="com.google.firebase.components:com.google.firebase.datatransport.TransportRegistrar"
120-->[com.google.firebase:firebase-datatransport:18.1.3] AndroidManifest.xml:29:17-115
121                android:value="com.google.firebase.components.ComponentRegistrar" />
121-->[com.google.firebase:firebase-datatransport:18.1.3] AndroidManifest.xml:30:17-82
122            <meta-data
122-->[com.google.android.gms:play-services-measurement-api:21.0.0] AndroidManifest.xml:31:13-33:85
123                android:name="com.google.firebase.components:com.google.firebase.analytics.connector.internal.AnalyticsConnectorRegistrar"
123-->[com.google.android.gms:play-services-measurement-api:21.0.0] AndroidManifest.xml:32:17-139
124                android:value="com.google.firebase.components.ComponentRegistrar" />
124-->[com.google.android.gms:play-services-measurement-api:21.0.0] AndroidManifest.xml:33:17-82
125            <meta-data
125-->[com.google.firebase:firebase-installations:17.0.1] AndroidManifest.xml:18:13-20:85
126                android:name="com.google.firebase.components:com.google.firebase.installations.FirebaseInstallationsRegistrar"
126-->[com.google.firebase:firebase-installations:17.0.1] AndroidManifest.xml:19:17-127
127                android:value="com.google.firebase.components.ComponentRegistrar" />
127-->[com.google.firebase:firebase-installations:17.0.1] AndroidManifest.xml:20:17-82
128        </service>
129
130        <provider
130-->[:firebase_messaging] AndroidManifest.xml:39:9-43:38
131            android:name="io.flutter.plugins.firebase.messaging.FlutterFirebaseMessagingInitProvider"
131-->[:firebase_messaging] AndroidManifest.xml:40:13-102
132            android:authorities="com.example.tradpool.flutterfirebasemessaginginitprovider"
132-->[:firebase_messaging] AndroidManifest.xml:41:13-88
133            android:exported="false"
133-->[:firebase_messaging] AndroidManifest.xml:42:13-37
134            android:initOrder="99" />
134-->[:firebase_messaging] AndroidManifest.xml:43:13-35
135        <provider
135-->[:image_picker_android] AndroidManifest.xml:8:9-16:20
136            android:name="io.flutter.plugins.imagepicker.ImagePickerFileProvider"
136-->[:image_picker_android] AndroidManifest.xml:9:13-82
137            android:authorities="com.example.tradpool.flutter.image_provider"
137-->[:image_picker_android] AndroidManifest.xml:10:13-74
138            android:exported="false"
138-->[:image_picker_android] AndroidManifest.xml:11:13-37
139            android:grantUriPermissions="true" >
139-->[:image_picker_android] AndroidManifest.xml:12:13-47
140            <meta-data
140-->[:image_picker_android] AndroidManifest.xml:13:13-15:75
141                android:name="android.support.FILE_PROVIDER_PATHS"
141-->[:image_picker_android] AndroidManifest.xml:14:17-67
142                android:resource="@xml/flutter_image_picker_file_paths" />
142-->[:image_picker_android] AndroidManifest.xml:15:17-72
143        </provider>
144
145        <receiver
145-->[:flutter_local_notifications] AndroidManifest.xml:13:9-15:40
146            android:name="com.dexterous.flutterlocalnotifications.ScheduledNotificationReceiver"
146-->[:flutter_local_notifications] AndroidManifest.xml:14:13-97
147            android:exported="false" />
147-->[:flutter_local_notifications] AndroidManifest.xml:15:13-37
148        <receiver
148-->[:flutter_local_notifications] AndroidManifest.xml:16:9-25:20
149            android:name="com.dexterous.flutterlocalnotifications.ScheduledNotificationBootReceiver"
149-->[:flutter_local_notifications] AndroidManifest.xml:17:13-101
150            android:exported="false" >
150-->[:flutter_local_notifications] AndroidManifest.xml:18:13-37
151            <intent-filter>
151-->[:flutter_local_notifications] AndroidManifest.xml:19:13-24:29
152                <action android:name="android.intent.action.BOOT_COMPLETED" />
152-->[:flutter_local_notifications] AndroidManifest.xml:20:17-79
152-->[:flutter_local_notifications] AndroidManifest.xml:20:25-76
153                <action android:name="android.intent.action.MY_PACKAGE_REPLACED" />
153-->[:flutter_local_notifications] AndroidManifest.xml:21:17-84
153-->[:flutter_local_notifications] AndroidManifest.xml:21:25-81
154                <action android:name="android.intent.action.QUICKBOOT_POWERON" />
154-->[:flutter_local_notifications] AndroidManifest.xml:22:17-82
154-->[:flutter_local_notifications] AndroidManifest.xml:22:25-79
155                <action android:name="com.htc.intent.action.QUICKBOOT_POWERON" />
155-->[:flutter_local_notifications] AndroidManifest.xml:23:17-82
155-->[:flutter_local_notifications] AndroidManifest.xml:23:25-79
156            </intent-filter>
157        </receiver>
158
159        <activity
159-->[:url_launcher_android] AndroidManifest.xml:8:9-11:74
160            android:name="io.flutter.plugins.urllauncher.WebViewActivity"
160-->[:url_launcher_android] AndroidManifest.xml:9:13-74
161            android:exported="false"
161-->[:url_launcher_android] AndroidManifest.xml:10:13-37
162            android:theme="@android:style/Theme.NoTitleBar.Fullscreen" />
162-->[:url_launcher_android] AndroidManifest.xml:11:13-71
163
164        <receiver
164-->[com.google.firebase:firebase-messaging:23.0.4] AndroidManifest.xml:31:9-38:20
165            android:name="com.google.firebase.iid.FirebaseInstanceIdReceiver"
165-->[com.google.firebase:firebase-messaging:23.0.4] AndroidManifest.xml:32:13-78
166            android:exported="true"
166-->[com.google.firebase:firebase-messaging:23.0.4] AndroidManifest.xml:33:13-36
167            android:permission="com.google.android.c2dm.permission.SEND" >
167-->[com.google.firebase:firebase-messaging:23.0.4] AndroidManifest.xml:34:13-73
168            <intent-filter>
168-->[:firebase_messaging] AndroidManifest.xml:28:13-30:29
169                <action android:name="com.google.android.c2dm.intent.RECEIVE" />
169-->[:firebase_messaging] AndroidManifest.xml:29:17-81
169-->[:firebase_messaging] AndroidManifest.xml:29:25-78
170            </intent-filter>
171        </receiver>
172        <!--
173             FirebaseMessagingService performs security checks at runtime,
174             but set to not exported to explicitly avoid allowing another app to call it.
175        -->
176        <service
176-->[com.google.firebase:firebase-messaging:23.0.4] AndroidManifest.xml:44:9-51:19
177            android:name="com.google.firebase.messaging.FirebaseMessagingService"
177-->[com.google.firebase:firebase-messaging:23.0.4] AndroidManifest.xml:45:13-82
178            android:directBootAware="true"
178-->[com.google.firebase:firebase-messaging:23.0.4] AndroidManifest.xml:46:13-43
179            android:exported="false" >
179-->[com.google.firebase:firebase-messaging:23.0.4] AndroidManifest.xml:47:13-37
180            <intent-filter android:priority="-500" >
180-->[:firebase_messaging] AndroidManifest.xml:19:13-21:29
181                <action android:name="com.google.firebase.MESSAGING_EVENT" />
181-->[:firebase_messaging] AndroidManifest.xml:20:17-78
181-->[:firebase_messaging] AndroidManifest.xml:20:25-75
182            </intent-filter>
183        </service>
184
185        <uses-library
185-->[androidx.window:window:1.0.0-beta04] AndroidManifest.xml:25:9-27:40
186            android:name="androidx.window.extensions"
186-->[androidx.window:window:1.0.0-beta04] AndroidManifest.xml:26:13-54
187            android:required="false" />
187-->[androidx.window:window:1.0.0-beta04] AndroidManifest.xml:27:13-37
188        <uses-library
188-->[androidx.window:window:1.0.0-beta04] AndroidManifest.xml:28:9-30:40
189            android:name="androidx.window.sidecar"
189-->[androidx.window:window:1.0.0-beta04] AndroidManifest.xml:29:13-51
190            android:required="false" />
190-->[androidx.window:window:1.0.0-beta04] AndroidManifest.xml:30:13-37
191
192        <service
192-->[com.google.android.datatransport:transport-backend-cct:3.1.4] AndroidManifest.xml:29:9-35:19
193            android:name="com.google.android.datatransport.runtime.backends.TransportBackendDiscovery"
193-->[com.google.android.datatransport:transport-backend-cct:3.1.4] AndroidManifest.xml:30:13-103
194            android:exported="false" >
194-->[com.google.android.datatransport:transport-backend-cct:3.1.4] AndroidManifest.xml:31:13-37
195            <meta-data
195-->[com.google.android.datatransport:transport-backend-cct:3.1.4] AndroidManifest.xml:32:13-34:39
196                android:name="backend:com.google.android.datatransport.cct.CctBackendFactory"
196-->[com.google.android.datatransport:transport-backend-cct:3.1.4] AndroidManifest.xml:33:17-94
197                android:value="cct" />
197-->[com.google.android.datatransport:transport-backend-cct:3.1.4] AndroidManifest.xml:34:17-36
198        </service>
199        <service
199-->[com.google.android.datatransport:transport-runtime:3.1.4] AndroidManifest.xml:26:9-30:19
200            android:name="com.google.android.datatransport.runtime.scheduling.jobscheduling.JobInfoSchedulerService"
200-->[com.google.android.datatransport:transport-runtime:3.1.4] AndroidManifest.xml:27:13-117
201            android:exported="false"
201-->[com.google.android.datatransport:transport-runtime:3.1.4] AndroidManifest.xml:28:13-37
202            android:permission="android.permission.BIND_JOB_SERVICE" >
202-->[com.google.android.datatransport:transport-runtime:3.1.4] AndroidManifest.xml:29:13-69
203        </service>
204
205        <receiver
205-->[com.google.android.datatransport:transport-runtime:3.1.4] AndroidManifest.xml:32:9-34:40
206            android:name="com.google.android.datatransport.runtime.scheduling.jobscheduling.AlarmManagerSchedulerBroadcastReceiver"
206-->[com.google.android.datatransport:transport-runtime:3.1.4] AndroidManifest.xml:33:13-132
207            android:exported="false" />
207-->[com.google.android.datatransport:transport-runtime:3.1.4] AndroidManifest.xml:34:13-37
208
209        <provider
209-->[com.google.firebase:firebase-common:20.1.1] AndroidManifest.xml:26:9-31:39
210            android:name="com.google.firebase.provider.FirebaseInitProvider"
210-->[com.google.firebase:firebase-common:20.1.1] AndroidManifest.xml:27:13-77
211            android:authorities="com.example.tradpool.firebaseinitprovider"
211-->[com.google.firebase:firebase-common:20.1.1] AndroidManifest.xml:28:13-72
212            android:directBootAware="true"
212-->[com.google.firebase:firebase-common:20.1.1] AndroidManifest.xml:29:13-43
213            android:exported="false"
213-->[com.google.firebase:firebase-common:20.1.1] AndroidManifest.xml:30:13-37
214            android:initOrder="100" />
214-->[com.google.firebase:firebase-common:20.1.1] AndroidManifest.xml:31:13-36
215
216        <receiver
216-->[com.google.android.gms:play-services-measurement:21.0.0] AndroidManifest.xml:29:9-33:20
217            android:name="com.google.android.gms.measurement.AppMeasurementReceiver"
217-->[com.google.android.gms:play-services-measurement:21.0.0] AndroidManifest.xml:30:13-85
218            android:enabled="true"
218-->[com.google.android.gms:play-services-measurement:21.0.0] AndroidManifest.xml:31:13-35
219            android:exported="false" >
219-->[com.google.android.gms:play-services-measurement:21.0.0] AndroidManifest.xml:32:13-37
220        </receiver>
221
222        <service
222-->[com.google.android.gms:play-services-measurement:21.0.0] AndroidManifest.xml:35:9-38:40
223            android:name="com.google.android.gms.measurement.AppMeasurementService"
223-->[com.google.android.gms:play-services-measurement:21.0.0] AndroidManifest.xml:36:13-84
224            android:enabled="true"
224-->[com.google.android.gms:play-services-measurement:21.0.0] AndroidManifest.xml:37:13-35
225            android:exported="false" />
225-->[com.google.android.gms:play-services-measurement:21.0.0] AndroidManifest.xml:38:13-37
226        <service
226-->[com.google.android.gms:play-services-measurement:21.0.0] AndroidManifest.xml:39:9-43:72
227            android:name="com.google.android.gms.measurement.AppMeasurementJobService"
227-->[com.google.android.gms:play-services-measurement:21.0.0] AndroidManifest.xml:40:13-87
228            android:enabled="true"
228-->[com.google.android.gms:play-services-measurement:21.0.0] AndroidManifest.xml:41:13-35
229            android:exported="false"
229-->[com.google.android.gms:play-services-measurement:21.0.0] AndroidManifest.xml:42:13-37
230            android:permission="android.permission.BIND_JOB_SERVICE" />
230-->[com.google.android.gms:play-services-measurement:21.0.0] AndroidManifest.xml:43:13-69
231
232        <activity
232-->[com.google.android.gms:play-services-base:18.0.1] AndroidManifest.xml:20:9-22:45
233            android:name="com.google.android.gms.common.api.GoogleApiActivity"
233-->[com.google.android.gms:play-services-base:18.0.1] AndroidManifest.xml:20:19-85
234            android:exported="false"
234-->[com.google.android.gms:play-services-base:18.0.1] AndroidManifest.xml:22:19-43
235            android:theme="@android:style/Theme.Translucent.NoTitleBar" />
235-->[com.google.android.gms:play-services-base:18.0.1] AndroidManifest.xml:21:19-78
236
237        <meta-data
237-->[com.google.android.gms:play-services-basement:18.0.0] AndroidManifest.xml:21:9-23:69
238            android:name="com.google.android.gms.version"
238-->[com.google.android.gms:play-services-basement:18.0.0] AndroidManifest.xml:22:13-58
239            android:value="@integer/google_play_services_version" />
239-->[com.google.android.gms:play-services-basement:18.0.0] AndroidManifest.xml:23:13-66
240    </application>
241
242</manifest>